<?xml version="1.0" encoding="UTF-8"?>
<!-- Generated by org.testng.reporters.JUnitXMLReporter -->
<testsuite ignored="0" hostname="kirananx-mobl1" failures="0" tests="3" name="Test" time="20.975" errors="0" timestamp="2022-12-11T15:36:17 IST">
  <testcase classname="Testcases.LoginTest" name="LoginFailure" time="0.776"/>
  <testcase classname="Testcases.LoginTest" name="SuccesfullLogin" time="0.791"/>
  <testcase classname="Testcases.LoginTest" name="parameterizedTest" time="0.692"/>
</testsuite> <!-- Test -->
