<?xml version="1.0" encoding="UTF-8"?>
<!-- Generated by org.testng.reporters.JUnitXMLReporter -->
<testsuite ignored="0" hostname="kirananx-mobl1" failures="0" tests="4" name="Test" time="22.591" errors="0" timestamp="2022-12-18T12:39:09 IST">
  <testcase classname="Testcases.LoginTest" name="LoginFailure" time="0.643"/>
  <testcase classname="Testcases.LoginTest" name="LoginWithExternalData" time="0.7"/>
  <testcase classname="Testcases.LoginTest" name="SuccesfullLogin" time="0.894"/>
  <testcase classname="Testcases.LoginTest" name="parameterizedTest" time="0.617"/>
</testsuite> <!-- Test -->
