<?xml version="1.0" encoding="UTF-8"?>
<testng-results ignored="0" total="4" passed="4" failed="0" skipped="0">
  <reporter-output>
  </reporter-output>
  <suite started-at="2022-12-18T12:38:46 IST" name="Suite" finished-at="2022-12-18T12:39:09 IST" duration-ms="22591">
    <groups>
    </groups>
    <test started-at="2022-12-18T12:38:46 IST" name="Test" finished-at="2022-12-18T12:39:09 IST" duration-ms="22591">
      <class name="Testcases.LoginTest">
        <test-method is-config="true" signature="DataSetup()[pri:0, instance:Testcases.LoginTest@50ad3bc1]" started-at="2022-12-18T12:38:46 IST" name="DataSetup" finished-at="2022-12-18T12:38:47 IST" duration-ms="1538" status="PASS">
          <reporter-output>
          </reporter-output>
        </test-method> <!-- DataSetup -->
        <test-method is-config="true" signature="SetUp()[pri:0, instance:Testcases.LoginTest@50ad3bc1]" started-at="2022-12-18T12:38:48 IST" name="SetUp" finished-at="2022-12-18T12:38:53 IST" duration-ms="5790" status="PASS">
          <reporter-output>
          </reporter-output>
        </test-method> <!-- SetUp -->
        <test-method signature="LoginFailure()[pri:0, instance:Testcases.LoginTest@50ad3bc1]" started-at="2022-12-18T12:38:53 IST" name="LoginFailure" finished-at="2022-12-18T12:38:54 IST" duration-ms="643" status="PASS">
          <reporter-output>
          </reporter-output>
        </test-method> <!-- LoginFailure -->
        <test-method is-config="true" signature="SetUp()[pri:0, instance:Testcases.LoginTest@50ad3bc1]" started-at="2022-12-18T12:38:54 IST" name="SetUp" finished-at="2022-12-18T12:38:58 IST" duration-ms="4365" status="PASS">
          <reporter-output>
          </reporter-output>
        </test-method> <!-- SetUp -->
        <test-method signature="LoginWithExternalData()[pri:0, instance:Testcases.LoginTest@50ad3bc1]" started-at="2022-12-18T12:38:58 IST" name="LoginWithExternalData" finished-at="2022-12-18T12:38:59 IST" duration-ms="700" status="PASS">
          <reporter-output>
          </reporter-output>
        </test-method> <!-- LoginWithExternalData -->
        <test-method is-config="true" signature="SetUp()[pri:0, instance:Testcases.LoginTest@50ad3bc1]" started-at="2022-12-18T12:38:59 IST" name="SetUp" finished-at="2022-12-18T12:39:03 IST" duration-ms="3937" status="PASS">
          <reporter-output>
          </reporter-output>
        </test-method> <!-- SetUp -->
        <test-method signature="SuccesfullLogin()[pri:0, instance:Testcases.LoginTest@50ad3bc1]" started-at="2022-12-18T12:39:03 IST" name="SuccesfullLogin" finished-at="2022-12-18T12:39:04 IST" duration-ms="894" status="PASS">
          <reporter-output>
          </reporter-output>
        </test-method> <!-- SuccesfullLogin -->
        <test-method is-config="true" signature="SetUp()[pri:0, instance:Testcases.LoginTest@50ad3bc1]" started-at="2022-12-18T12:39:04 IST" name="SetUp" finished-at="2022-12-18T12:39:08 IST" duration-ms="4019" status="PASS">
          <reporter-output>
          </reporter-output>
        </test-method> <!-- SetUp -->
        <test-method signature="parameterizedTest(java.lang.String,java.lang.String)[pri:0, instance:Testcases.LoginTest@50ad3bc1]" started-at="2022-12-18T12:39:08 IST" name="parameterizedTest" finished-at="2022-12-18T12:39:09 IST" duration-ms="617" status="PASS">
          <params>
            <param index="0">
              <value>
                <![CDATA[standard_user/]]>
              </value>
            </param>
            <param index="1">
              <value>
                <![CDATA[secret_sauce/]]>
              </value>
            </param>
          </params>
          <reporter-output>
          </reporter-output>
        </test-method> <!-- parameterizedTest -->
        <test-method is-config="true" signature="DataTearDown()[pri:0, instance:Testcases.LoginTest@50ad3bc1]" started-at="2022-12-18T12:39:09 IST" name="DataTearDown" finished-at="2022-12-18T12:39:09 IST" duration-ms="1" status="PASS">
          <reporter-output>
          </reporter-output>
        </test-method> <!-- DataTearDown -->
      </class> <!-- Testcases.LoginTest -->
    </test> <!-- Test -->
  </suite> <!-- Suite -->
</testng-results>
