<?xml version="1.0" encoding="UTF-8"?>
<testng-results ignored="0" total="1" passed="1" failed="0" skipped="0">
  <reporter-output>
  </reporter-output>
  <suite started-at="2022-12-13T17:54:45 IST" name="Default suite" finished-at="2022-12-13T17:54:52 IST" duration-ms="7516">
    <groups>
    </groups>
    <test started-at="2022-12-13T17:54:45 IST" name="Default test" finished-at="2022-12-13T17:54:52 IST" duration-ms="7516">
      <class name="Testcases.HomeTest">
        <test-method is-config="true" signature="DataSetup()[pri:0, instance:Testcases.HomeTest@1a18644]" started-at="2022-12-13T17:54:45 IST" name="DataSetup" finished-at="2022-12-13T17:54:46 IST" duration-ms="1216" status="PASS">
          <reporter-output>
          </reporter-output>
        </test-method> <!-- DataSetup -->
        <test-method is-config="true" signature="SetUp()[pri:0, instance:Testcases.HomeTest@1a18644]" started-at="2022-12-13T17:54:46 IST" name="SetUp" finished-at="2022-12-13T17:54:51 IST" duration-ms="4783" status="PASS">
          <reporter-output>
          </reporter-output>
        </test-method> <!-- SetUp -->
        <test-method signature="succesfullFilter()[pri:0, instance:Testcases.HomeTest@1a18644]" started-at="2022-12-13T17:54:51 IST" name="succesfullFilter" finished-at="2022-12-13T17:54:52 IST" duration-ms="1437" status="PASS">
          <reporter-output>
          </reporter-output>
        </test-method> <!-- succesfullFilter -->
        <test-method is-config="true" signature="DataTearDown()[pri:0, instance:Testcases.HomeTest@1a18644]" started-at="2022-12-13T17:54:52 IST" name="DataTearDown" finished-at="2022-12-13T17:54:52 IST" duration-ms="0" status="PASS">
          <reporter-output>
          </reporter-output>
        </test-method> <!-- DataTearDown -->
      </class> <!-- Testcases.HomeTest -->
    </test> <!-- Default test -->
  </suite> <!-- Default suite -->
</testng-results>
